<?xml version="1.0" encoding="UTF-8"?>
<testsuite name="guru.springframework.MoneyTest" tests="1" skipped="0" failures="0" errors="0" timestamp="2020-01-13T06:17:08" hostname="MBP-15UAU-121" time="0.003">
  <properties/>
  <testcase name="testMultiplication()" classname="guru.springframework.MoneyTest" time="0.003"/>
  <system-out><![CDATA[]]></system-out>
  <system-err><![CDATA[]]></system-err>
</testsuite>
